{
  "stats": {
    "suites": 1,
    "tests": 1,
    "passes": 1,
    "pending": 0,
    "failures": 0,
    "start": "2021-05-07T15:04:57.813Z",
    "end": "2021-05-07T15:04:57.845Z",
    "duration": 32,
    "testsRegistered": 1,
    "passPercent": 100,
    "pendingPercent": 0,
    "other": 0,
    "hasOther": false,
    "skipped": 0,
    "hasSkipped": false
  },
  "results": [
    {
      "uuid": "3fa52a9e-8c8d-4544-9db6-ec0f732ec084",
      "title": "",
      "fullFile": "",
      "file": "",
      "beforeHooks": [],
      "afterHooks": [],
      "tests": [],
      "suites": [
        {
          "uuid": "25c9c5f5-e7d9-452e-88ea-ee0f7e99d82a",
          "title": "Node 接口测试",
          "fullFile": "/Users/jerrychane/Desktop/01work/github/front-end/full-stack-dev/tests/service/router.spec.js",
          "file": "/tests/service/router.spec.js",
          "beforeHooks": [],
          "afterHooks": [],
          "tests": [
            {
              "title": "test 接口测试",
              "fullTitle": "Node 接口测试 test 接口测试",
              "timedOut": false,
              "duration": 26,
              "state": "passed",
              "speed": "fast",
              "pass": true,
              "fail": false,
              "pending": false,
              "context": null,
              "code": "request()\n  .get('/test')\n  .expect(200)\n  .expect('Content-Type', /json/)\n  .end(function (err, res) {\n    if (err) { done(err) }\n    if (res.body.data == \"Hello Jerry\") {\n      done();\n    } else {\n      done(new Error('接口数据异常'))\n    }\n  })",
              "err": {},
              "uuid": "74623fc1-63f3-4009-8065-f2d738d656c1",
              "parentUUID": "25c9c5f5-e7d9-452e-88ea-ee0f7e99d82a",
              "isHook": false,
              "skipped": false
            }
          ],
          "suites": [],
          "passes": [
            "74623fc1-63f3-4009-8065-f2d738d656c1"
          ],
          "failures": [],
          "pending": [],
          "skipped": [],
          "duration": 26,
          "root": false,
          "rootEmpty": false,
          "_timeout": 2000
        }
      ],
      "passes": [],
      "failures": [],
      "pending": [],
      "skipped": [],
      "duration": 0,
      "root": true,
      "rootEmpty": true,
      "_timeout": 2000
    }
  ],
  "meta": {
    "mocha": {
      "version": "8.4.0"
    },
    "mochawesome": {
      "options": {
        "quiet": false,
        "reportFilename": "./docs/",
        "saveHtml": true,
        "saveJson": true,
        "consoleReporter": "spec",
        "useInlineDiffs": false,
        "code": true
      },
      "version": "6.2.2"
    },
    "marge": {
      "options": {
        "reportFilename": "./docs/"
      },
      "version": "5.2.0"
    }
  }
}