{
  "stats": {
    "suites": 1,
    "tests": 1,
    "passes": 1,
    "pending": 0,
    "failures": 0,
    "start": "2021-05-07T15:11:01.275Z",
    "end": "2021-05-07T15:11:01.314Z",
    "duration": 39,
    "testsRegistered": 1,
    "passPercent": 100,
    "pendingPercent": 0,
    "other": 0,
    "hasOther": false,
    "skipped": 0,
    "hasSkipped": false
  },
  "results": [
    {
      "uuid": "56da54d4-2028-481e-9dff-bbf8cc50e9e1",
      "title": "",
      "fullFile": "",
      "file": "",
      "beforeHooks": [],
      "afterHooks": [],
      "tests": [],
      "suites": [
        {
          "uuid": "c53e3494-c0c5-4694-b896-743ee210237a",
          "title": "Node 接口测试",
          "fullFile": "/Users/jerrychane/Desktop/01work/github/front-end/full-stack-dev/tests/service/router.spec.js",
          "file": "/tests/service/router.spec.js",
          "beforeHooks": [],
          "afterHooks": [],
          "tests": [
            {
              "title": "test 接口测试",
              "fullTitle": "Node 接口测试 test 接口测试",
              "timedOut": false,
              "duration": 33,
              "state": "passed",
              "speed": "fast",
              "pass": true,
              "fail": false,
              "pending": false,
              "context": null,
              "code": "request()\n  .get('/test')\n  .expect(200)\n  .expect('Content-Type', /json/)\n  .end((err, res) => {\n    if (err) { done(err) }\n    if (res.body.data == \"Hello Jerry\") {\n      done();\n    } else {\n      done(new Error('接口数据异常'))\n    }\n  })",
              "err": {},
              "uuid": "d833c1a2-df62-4640-b0b0-c3b5b36194ea",
              "parentUUID": "c53e3494-c0c5-4694-b896-743ee210237a",
              "isHook": false,
              "skipped": false
            }
          ],
          "suites": [],
          "passes": [
            "d833c1a2-df62-4640-b0b0-c3b5b36194ea"
          ],
          "failures": [],
          "pending": [],
          "skipped": [],
          "duration": 33,
          "root": false,
          "rootEmpty": false,
          "_timeout": 2000
        }
      ],
      "passes": [],
      "failures": [],
      "pending": [],
      "skipped": [],
      "duration": 0,
      "root": true,
      "rootEmpty": true,
      "_timeout": 2000
    }
  ],
  "meta": {
    "mocha": {
      "version": "8.4.0"
    },
    "mochawesome": {
      "options": {
        "quiet": false,
        "reportFilename": "mochawesome",
        "saveHtml": true,
        "saveJson": true,
        "consoleReporter": "spec",
        "useInlineDiffs": false,
        "code": true
      },
      "version": "6.2.2"
    },
    "marge": {
      "options": {
        "reportDir": "./docs"
      },
      "version": "5.2.0"
    }
  }
}